==5742== Helgrind, a thread error detector
==5742== Copyright (C) 2007-2017, and GNU GPL'd, by OpenWorks LLP et al.
==5742== Using Valgrind-3.19.0.GIT-lbmacos-6ff08b6e31-20220212 and LibVEX; rerun with -h for copyright info
==5742== Command: ./philo 4 310 200 100 10
==5742== Parent PID: 4556
==5742== 
--5742-- 
--5742-- Valgrind options:
--5742--    --tool=helgrind
--5742--    -v
--5742--    --log-file=hg.log
--5742-- Output from sysctl({CTL_KERN,KERN_VERSION}):
--5742--   Darwin Kernel Version 19.6.0: Thu Oct 29 22:56:45 PDT 2020; root:xnu-6153.141.2.2~1/RELEASE_X86_64
--5742-- Arch and hwcaps: AMD64, LittleEndian, amd64-cx16-lzcnt-rdtscp-sse3-ssse3-avx-avx2-bmi-f16c-rdrand-rdseed
--5742-- Page sizes: currently 4096, max supported 4096
--5742-- Valgrind library directory: /usr/local/Cellar/valgrind/HEAD-6ff08b6/libexec/valgrind
--5742-- ./philo (rx at 0x100000000, rw at 0x100004000)
--5742--    reading syms   from primary file (19 97)
--5742--    dSYM= ./philo.dSYM/Contents/Resources/DWARF/philo
--5742--    reading dwarf3 from dsyms file
--5742-- /usr/lib/dyld (rx at 0x100010000, rw at 0x1000a2000)
--5742--    reading syms   from primary file (5 2729)
--5742-- Scheduler: using generic scheduler lock implementation.
--5742-- Reading suppressions file: /usr/local/Cellar/valgrind/HEAD-6ff08b6/libexec/valgrind/default.supp
==5742== embedded gdbserver: reading from /var/folders/zz/zyxvpxvq6csfxvn_n000cbm40032x1/T//vgdb-pipe-from-vgdb-to-5742-by-mjafari-on-???
==5742== embedded gdbserver: writing to   /var/folders/zz/zyxvpxvq6csfxvn_n000cbm40032x1/T//vgdb-pipe-to-vgdb-from-5742-by-mjafari-on-???
==5742== embedded gdbserver: shared mem   /var/folders/zz/zyxvpxvq6csfxvn_n000cbm40032x1/T//vgdb-pipe-shared-mem-vgdb-5742-by-mjafari-on-???
==5742== 
==5742== TO CONTROL THIS PROCESS USING vgdb (which you probably
==5742== don't want to do, unless you know exactly what you're doing,
==5742== or are doing some strange experiment):
==5742==   /usr/local/Cellar/valgrind/HEAD-6ff08b6/libexec/valgrind/../../bin/vgdb --pid=5742 ...command...
==5742== 
==5742== TO DEBUG THIS PROCESS USING GDB: start GDB like this
==5742==   /path/to/gdb ./philo
==5742== and then give GDB the following command
==5742==   target remote | /usr/local/Cellar/valgrind/HEAD-6ff08b6/libexec/valgrind/../../bin/vgdb --pid=5742
==5742== --pid is optional if only one valgrind process is running
==5742== 
--5742-- /usr/local/Cellar/valgrind/HEAD-6ff08b6/libexec/valgrind/vgpreload_core-amd64-darwin.so (rx at 0x100115000, rw at 0x100119000)
--5742--    reading syms   from primary file (3 53)
--5742--    dSYM= /usr/local/Cellar/valgrind/HEAD-6ff08b6/libexec/valgrind/vgpreload_core-amd64-darwin.so.dSYM/Contents/Resources/DWARF/vgpreload_core-amd64-darwin.so
--5742-- /usr/local/Cellar/valgrind/HEAD-6ff08b6/libexec/valgrind/vgpreload_helgrind-amd64-darwin.so (rx at 0x100121000, rw at 0x10012d000)
--5742--    reading syms   from primary file (124 96)
--5742--    dSYM= /usr/local/Cellar/valgrind/HEAD-6ff08b6/libexec/valgrind/vgpreload_helgrind-amd64-darwin.so.dSYM/Contents/Resources/DWARF/vgpreload_helgrind-amd64-darwin.so
--5742-- /usr/lib/libSystem.B.dylib (rx at 0x100139000, rw at 0x10013b000)
--5742--    reading syms   from primary file (29 8)
--5742-- /usr/lib/system/libcache.dylib (rx at 0x100143000, rw at 0x100149000)
--5742--    reading syms   from primary file (32 29)
--5742-- /usr/lib/system/libcommonCrypto.dylib (rx at 0x100150000, rw at 0x10015c000)
--5742--    reading syms   from primary file (241 173)
--5742-- /usr/lib/system/libcompiler_rt.dylib (rx at 0x10016c000, rw at 0x100174000)
--5742--    reading syms   from primary file (505 8)
--5742-- /usr/lib/system/libcopyfile.dylib (rx at 0x100184000, rw at 0x10018e000)
--5742--    reading syms   from primary file (11 38)
--5742-- /usr/lib/system/libcorecrypto.dylib (rx at 0x100196000, rw at 0x100229000)
--5742--    reading syms   from primary file (586 846)
--5742-- /usr/lib/system/libdispatch.dylib (rx at 0x100249000, rw at 0x10028a000)
--5742--    reading syms   from primary file (328 1607)
--5742-- /usr/lib/system/libdyld.dylib (rx at 0x1002c7000, rw at 0x1002fe000)
--5742--    reading syms   from primary file (119 1467)
--5742-- /usr/lib/system/libkeymgr.dylib (rx at 0x100327000, rw at 0x100328000)
--5742--    reading syms   from primary file (11 2)
--5742-- /usr/lib/system/libmacho.dylib (rx at 0x100337000, rw at 0x10033d000)
--5742--    reading syms   from primary file (105 2)
--5742-- /usr/lib/system/libquarantine.dylib (rx at 0x100345000, rw at 0x100348000)
--5742--    reading syms   from primary file (88 12)
--5742-- /usr/lib/system/libremovefile.dylib (rx at 0x100350000, rw at 0x100352000)
--5742--    reading syms   from primary file (12 8)
--5742-- /usr/lib/system/libsystem_asl.dylib (rx at 0x100359000, rw at 0x100371000)
--5742--    reading syms   from primary file (219 234)
--5742-- /usr/lib/system/libsystem_blocks.dylib (rx at 0x100381000, rw at 0x100382000)
--5742--    reading syms   from primary file (21 8)
--5742-- /usr/lib/system/libsystem_c.dylib (rx at 0x100389000, rw at 0x100411000)
--5742--    reading syms   from primary file (1346 892)
--5742-- /usr/lib/system/libsystem_configuration.dylib (rx at 0x100441000, rw at 0x100445000)
--5742--    reading syms   from primary file (36 68)
--5742-- /usr/lib/system/libsystem_coreservices.dylib (rx at 0x10044e000, rw at 0x100452000)
--5742--    reading syms   from primary file (14 47)
--5742-- /usr/lib/system/libsystem_darwin.dylib (rx at 0x10045a000, rw at 0x100463000)
--5742--    reading syms   from primary file (63 562)
--5742-- /usr/lib/system/libsystem_dnssd.dylib (rx at 0x100472000, rw at 0x10047a000)
--5742--    reading syms   from primary file (40 26)
--5742-- /usr/lib/system/libsystem_featureflags.dylib (rx at 0x100482000, rw at 0x100484000)
--5742--    reading syms   from primary file (1 12)
--5742-- /usr/lib/system/libsystem_info.dylib (rx at 0x10048b000, rw at 0x1004d9000)
--5742--    reading syms   from primary file (427 714)
--5742-- /usr/lib/system/libsystem_m.dylib (rx at 0x1004f1000, rw at 0x100539000)
--5742--    reading syms   from primary file (811 1)
--5742-- /usr/lib/system/libsystem_malloc.dylib (rx at 0x10054a000, rw at 0x100572000)
--5742--    reading syms   from primary file (98 470)
--5742-- /usr/lib/system/libsystem_networkextension.dylib (rx at 0x100582000, rw at 0x100590000)
--5742--    reading syms   from primary file (118 242)
--5742-- /usr/lib/system/libsystem_notify.dylib (rx at 0x1005a0000, rw at 0x1005aa000)
--5742--    reading syms   from primary file (23 1)
--5742-- /usr/lib/system/libsystem_sandbox.dylib (rx at 0x1005b2000, rw at 0x1005b7000)
--5742--    reading syms   from primary file (112 23)
--5742-- /usr/lib/system/libsystem_secinit.dylib (rx at 0x1005c0000, rw at 0x1005c3000)
--5742--    reading syms   from primary file (5 20)
--5742-- /usr/lib/system/libsystem_kernel.dylib (rx at 0x1005ca000, rw at 0x1005f7000)
--5742--    reading syms   from primary file (1361 230)
--5742-- /usr/lib/system/libsystem_platform.dylib (rx at 0x100616000, rw at 0x10061f000)
--5742--    reading syms   from primary file (168 103)
--5742-- /usr/lib/system/libsystem_pthread.dylib (rx at 0x100629000, rw at 0x100634000)
--5742--    reading syms   from primary file (189 143)
--5742-- /usr/lib/system/libsystem_symptoms.dylib (rx at 0x100641000, rw at 0x100649000)
--5742--    reading syms   from primary file (10 86)
--5742-- /usr/lib/system/libsystem_trace.dylib (rx at 0x100651000, rw at 0x100668000)
--5742--    reading syms   from primary file (131 274)
--5742-- /usr/lib/system/libunwind.dylib (rx at 0x100679000, rw at 0x10067f000)
--5742--    reading syms   from primary file (102 52)
--5742-- /usr/lib/system/libxpc.dylib (rx at 0x100688000, rw at 0x1006be000)
--5742--    reading syms   from primary file (627 1467)
--5742-- /usr/lib/libobjc.A.dylib (rx at 0x1006ec000, rw at 0x100720000)
--5742--    reading syms   from primary file (382 771)
--5742-- /usr/lib/libc++abi.dylib (rx at 0x100744000, rw at 0x10075a000)
--5742--    reading syms   from primary file (366 704)
--5742-- /usr/lib/libc++.1.dylib (rx at 0x100778000, rw at 0x1007cb000)
--5742--    reading syms   from primary file (2088 1160)
--5742-- REDIR: 0x1006173a0 (libsystem_platform.dylib:_platform_memcmp) redirected to 0x10012904a (_platform_memcmp)
--5742-- REDIR: 0x100616c00 (libsystem_platform.dylib:_platform_strncmp) redirected to 0x100128aaa (_platform_strncmp)
--5742-- REDIR: 0x100616800 (libsystem_platform.dylib:_platform_strcmp) redirected to 0x100128b24 (_platform_strcmp)
--5742-- REDIR: 0x10054ace0 (libsystem_malloc.dylib:malloc) redirected to 0x100123f30 (malloc)
--5742-- REDIR: 0x10054cec1 (libsystem_malloc.dylib:calloc) redirected to 0x100124546 (calloc)
--5742-- REDIR: 0x10054cd67 (libsystem_malloc.dylib:realloc) redirected to 0x1001248c4 (realloc)
--5742-- REDIR: 0x10054d087 (libsystem_malloc.dylib:malloc_default_zone) redirected to 0x100125279 (malloc_default_zone)
--5742-- REDIR: 0x10054ad12 (libsystem_malloc.dylib:malloc_zone_malloc) redirected to 0x100124198 (malloc_zone_malloc)
--5742-- REDIR: 0x10054cef6 (libsystem_malloc.dylib:malloc_zone_calloc) redirected to 0x100124732 (malloc_zone_calloc)
--5742-- REDIR: 0x10054d08f (libsystem_malloc.dylib:malloc_zone_from_ptr) redirected to 0x1001252ba (malloc_zone_from_ptr)
--5742-- REDIR: 0x10054b9b1 (libsystem_malloc.dylib:free) redirected to 0x10012430c (free)
--5742-- REDIR: 0x100617300 (libsystem_platform.dylib:_platform_strchr$VARIANT$Haswell) redirected to 0x1001287c9 (_platform_strchr$VARIANT$Haswell)
==5742== ---Thread-Announcement------------------------------------------
==5742== 
==5742== Thread #3 was created
==5742==    at 0x1005CDDC6: __bsdthread_create (in /usr/lib/system/libsystem_kernel.dylib)
==5742==    by 0x10062FDF3: _pthread_create (in /usr/lib/system/libsystem_pthread.dylib)
==5742==    by 0x100003ADF: create_thread (philo_threads.c:24)
==5742==    by 0x100002C90: main (main.c:51)
==5742== 
==5742== ---Thread-Announcement------------------------------------------
==5742== 
==5742== Thread #2 was created
==5742==    at 0x1005CDDC6: __bsdthread_create (in /usr/lib/system/libsystem_kernel.dylib)
==5742==    by 0x10062FDF3: _pthread_create (in /usr/lib/system/libsystem_pthread.dylib)
==5742==    by 0x100003ADF: create_thread (philo_threads.c:24)
==5742==    by 0x100002C90: main (main.c:51)
==5742== 
==5742== ----------------------------------------------------------------
==5742== 
==5742== Possible data race during read of size 8 at 0x1049146F8 by thread #3
==5742== Locks held: none
==5742==    at 0x10062A8E5: _pthread_mutex_firstfit_lock_slow (in /usr/lib/system/libsystem_pthread.dylib)
==5742==    by 0x100003540: print_action (actions.c:21)
==5742==    by 0x10000362C: living (actions.c:37)
==5742==    by 0x100002BC9: philo_thread (main.c:31)
==5742==    by 0x10062F108: _pthread_start (in /usr/lib/system/libsystem_pthread.dylib)
==5742==    by 0x10062AB8A: thread_start (in /usr/lib/system/libsystem_pthread.dylib)
==5742== 
==5742== This conflicts with a previous write of size 8 by thread #2
==5742== Locks held: none
==5742==    at 0x10062A618: pthread_mutex_lock (in /usr/lib/system/libsystem_pthread.dylib)
==5742==    by 0x10000362C: living (actions.c:37)
==5742==    by 0x100002BC9: philo_thread (main.c:31)
==5742==    by 0x10062F108: _pthread_start (in /usr/lib/system/libsystem_pthread.dylib)
==5742==    by 0x10062AB8A: thread_start (in /usr/lib/system/libsystem_pthread.dylib)
==5742==  Address 0x1049146f8 is on thread #1's stack
==5742==  in frame #3, created by main (main.c:39)
==5742== 
--5742-- REDIR: 0x1006171a0 (libsystem_platform.dylib:_platform_memchr$VARIANT$Haswell) redirected to 0x100128b95 (_platform_memchr$VARIANT$Haswell)
==5742== ----------------------------------------------------------------
==5742== 
==5742== Possible data race during write of size 8 at 0x1049146F8 by thread #2
==5742== Locks held: none
==5742==    at 0x10062A999: pthread_mutex_unlock (in /usr/lib/system/libsystem_pthread.dylib)
==5742==    by 0x10000362C: living (actions.c:37)
==5742==    by 0x100002BC9: philo_thread (main.c:31)
==5742==    by 0x10062F108: _pthread_start (in /usr/lib/system/libsystem_pthread.dylib)
==5742==    by 0x10062AB8A: thread_start (in /usr/lib/system/libsystem_pthread.dylib)
==5742== 
==5742== This conflicts with a previous read of size 8 by thread #3
==5742== Locks held: none
==5742==    at 0x10062A8E5: _pthread_mutex_firstfit_lock_slow (in /usr/lib/system/libsystem_pthread.dylib)
==5742==    by 0x100003540: print_action (actions.c:21)
==5742==    by 0x10000362C: living (actions.c:37)
==5742==    by 0x100002BC9: philo_thread (main.c:31)
==5742==    by 0x10062F108: _pthread_start (in /usr/lib/system/libsystem_pthread.dylib)
==5742==    by 0x10062AB8A: thread_start (in /usr/lib/system/libsystem_pthread.dylib)
==5742==  Address 0x1049146f8 is on thread #1's stack
==5742==  in frame #3, created by main (main.c:39)
==5742== 
==5742== ---Thread-Announcement------------------------------------------
==5742== 
==5742== Thread #1 is the program's root thread
==5742== 
==5742== ----------------------------------------------------------------
==5742== 
==5742== Possible data race during read of size 8 at 0x10082B2C8 by thread #2
==5742== Locks held: none
==5742==    at 0x10062A8E5: _pthread_mutex_firstfit_lock_slow (in /usr/lib/system/libsystem_pthread.dylib)
==5742==    by 0x1000036DA: living (actions.c:47)
==5742==    by 0x100002BC9: philo_thread (main.c:31)
==5742==    by 0x10062F108: _pthread_start (in /usr/lib/system/libsystem_pthread.dylib)
==5742==    by 0x10062AB8A: thread_start (in /usr/lib/system/libsystem_pthread.dylib)
==5742== 
==5742== This conflicts with a previous write of size 8 by thread #3
==5742== Locks held: none
==5742==    at 0x10062A618: pthread_mutex_lock (in /usr/lib/system/libsystem_pthread.dylib)
==5742==    by 0x100002BC9: philo_thread (main.c:31)
==5742==    by 0x10062F108: _pthread_start (in /usr/lib/system/libsystem_pthread.dylib)
==5742==    by 0x10062AB8A: thread_start (in /usr/lib/system/libsystem_pthread.dylib)
==5742==  Address 0x10082b2c8 is 88 bytes inside a block of size 256 alloc'd
==5742==    at 0x100123FA5: malloc (in /usr/local/Cellar/valgrind/HEAD-6ff08b6/libexec/valgrind/vgpreload_helgrind-amd64-darwin.so)
==5742==    by 0x100002FEF: philo_init (init.c:91)
==5742==    by 0x100003297: rules_init (init.c:128)
==5742==    by 0x100002C84: main (main.c:48)
==5742==  Block was alloc'd by thread #1
==5742== 
==5742== ---Thread-Announcement------------------------------------------
==5742== 
==5742== Thread #5 was created
==5742==    at 0x1005CDDC6: __bsdthread_create (in /usr/lib/system/libsystem_kernel.dylib)
==5742==    by 0x10062FDF3: _pthread_create (in /usr/lib/system/libsystem_pthread.dylib)
==5742==    by 0x100003ADF: create_thread (philo_threads.c:24)
==5742==    by 0x100002C90: main (main.c:51)
==5742== 
==5742== ----------------------------------------------------------------
==5742== 
==5742== Possible data race during write of size 8 at 0x1049146F8 by thread #5
==5742== Locks held: none
==5742==    at 0x10062A618: pthread_mutex_lock (in /usr/lib/system/libsystem_pthread.dylib)
==5742==    by 0x10000362C: living (actions.c:37)
==5742==    by 0x100002BC9: philo_thread (main.c:31)
==5742==    by 0x10062F108: _pthread_start (in /usr/lib/system/libsystem_pthread.dylib)
==5742==    by 0x10062AB8A: thread_start (in /usr/lib/system/libsystem_pthread.dylib)
==5742== 
==5742== This conflicts with a previous read of size 8 by thread #3
==5742== Locks held: none
==5742==    at 0x10062A8E5: _pthread_mutex_firstfit_lock_slow (in /usr/lib/system/libsystem_pthread.dylib)
==5742==    by 0x100003540: print_action (actions.c:21)
==5742==    by 0x10000362C: living (actions.c:37)
==5742==    by 0x100002BC9: philo_thread (main.c:31)
==5742==    by 0x10062F108: _pthread_start (in /usr/lib/system/libsystem_pthread.dylib)
==5742==    by 0x10062AB8A: thread_start (in /usr/lib/system/libsystem_pthread.dylib)
==5742==  Address 0x1049146f8 is on thread #1's stack
==5742==  in frame #3, created by main (main.c:39)
==5742== 
==5742== ----------------------------------------------------------------
==5742== 
==5742== Possible data race during read of size 4 at 0x100414118 by thread #5
==5742== Locks held: none
==5742==    at 0x10062A5AD: pthread_mutex_lock (in /usr/lib/system/libsystem_pthread.dylib)
==5742==    by 0x1003CA297: vfprintf_l (in /usr/lib/system/libsystem_c.dylib)
==5742==    by 0x1003C841D: printf (in /usr/lib/system/libsystem_c.dylib)
==5742==    by 0x100003594: print_action (actions.c:24)
==5742==    by 0x10000362C: living (actions.c:37)
==5742==    by 0x100002BC9: philo_thread (main.c:31)
==5742==    by 0x10062F108: _pthread_start (in /usr/lib/system/libsystem_pthread.dylib)
==5742==    by 0x10062AB8A: thread_start (in /usr/lib/system/libsystem_pthread.dylib)
==5742== 
==5742== This conflicts with a previous write of size 4 by thread #2
==5742== Locks held: none
==5742==    at 0x10062A813: _pthread_mutex_check_init_slow (in /usr/lib/system/libsystem_pthread.dylib)
==5742==    by 0x10062A658: _pthread_mutex_lock_init_slow (in /usr/lib/system/libsystem_pthread.dylib)
==5742==    by 0x1003C1A69: flockfile (in /usr/lib/system/libsystem_c.dylib)
==5742==    by 0x1003CA297: vfprintf_l (in /usr/lib/system/libsystem_c.dylib)
==5742==    by 0x1003C841D: printf (in /usr/lib/system/libsystem_c.dylib)
==5742==    by 0x100003594: print_action (actions.c:24)
==5742==    by 0x10000362C: living (actions.c:37)
==5742==    by 0x100002BC9: philo_thread (main.c:31)
==5742==  Address 0x100414118 is in the Data segment of /usr/lib/system/libsystem_c.dylib
==5742== 
==5742== ----------------------------------------------------------------
==5742== 
==5742== Possible data race during read of size 4 at 0x100414124 by thread #5
==5742== Locks held: none
==5742==    at 0x10062A667: _pthread_mutex_lock_init_slow (in /usr/lib/system/libsystem_pthread.dylib)
==5742==    by 0x1003C1A69: flockfile (in /usr/lib/system/libsystem_c.dylib)
==5742==    by 0x1003CA297: vfprintf_l (in /usr/lib/system/libsystem_c.dylib)
==5742==    by 0x1003C841D: printf (in /usr/lib/system/libsystem_c.dylib)
==5742==    by 0x100003594: print_action (actions.c:24)
==5742==    by 0x10000362C: living (actions.c:37)
==5742==    by 0x100002BC9: philo_thread (main.c:31)
==5742==    by 0x10062F108: _pthread_start (in /usr/lib/system/libsystem_pthread.dylib)
==5742==    by 0x10062AB8A: thread_start (in /usr/lib/system/libsystem_pthread.dylib)
==5742== 
==5742== This conflicts with a previous write of size 4 by thread #2
==5742== Locks held: none
==5742==    at 0x10062A6E2: _pthread_mutex_check_init_slow (in /usr/lib/system/libsystem_pthread.dylib)
==5742==    by 0x10062A658: _pthread_mutex_lock_init_slow (in /usr/lib/system/libsystem_pthread.dylib)
==5742==    by 0x1003C1A69: flockfile (in /usr/lib/system/libsystem_c.dylib)
==5742==    by 0x1003CA297: vfprintf_l (in /usr/lib/system/libsystem_c.dylib)
==5742==    by 0x1003C841D: printf (in /usr/lib/system/libsystem_c.dylib)
==5742==    by 0x100003594: print_action (actions.c:24)
==5742==    by 0x10000362C: living (actions.c:37)
==5742==    by 0x100002BC9: philo_thread (main.c:31)
==5742==  Address 0x100414124 is in the Data segment of /usr/lib/system/libsystem_c.dylib
==5742== 
==5742== ----------------------------------------------------------------
==5742== 
==5742== Possible data race during read of size 8 at 0x100414138 by thread #5
==5742== Locks held: none
==5742==    at 0x10062A86F: _pthread_mutex_firstfit_lock_slow (in /usr/lib/system/libsystem_pthread.dylib)
==5742==    by 0x1003C1A69: flockfile (in /usr/lib/system/libsystem_c.dylib)
==5742==    by 0x1003CA297: vfprintf_l (in /usr/lib/system/libsystem_c.dylib)
==5742==    by 0x1003C841D: printf (in /usr/lib/system/libsystem_c.dylib)
==5742==    by 0x100003594: print_action (actions.c:24)
==5742==    by 0x10000362C: living (actions.c:37)
==5742==    by 0x100002BC9: philo_thread (main.c:31)
==5742==    by 0x10062F108: _pthread_start (in /usr/lib/system/libsystem_pthread.dylib)
==5742==    by 0x10062AB8A: thread_start (in /usr/lib/system/libsystem_pthread.dylib)
==5742== 
==5742== This conflicts with a previous write of size 8 by thread #2
==5742== Locks held: none
==5742==    at 0x10062A7C5: _pthread_mutex_check_init_slow (in /usr/lib/system/libsystem_pthread.dylib)
==5742==    by 0x10062A658: _pthread_mutex_lock_init_slow (in /usr/lib/system/libsystem_pthread.dylib)
==5742==    by 0x1003C1A69: flockfile (in /usr/lib/system/libsystem_c.dylib)
==5742==    by 0x1003CA297: vfprintf_l (in /usr/lib/system/libsystem_c.dylib)
==5742==    by 0x1003C841D: printf (in /usr/lib/system/libsystem_c.dylib)
==5742==    by 0x100003594: print_action (actions.c:24)
==5742==    by 0x10000362C: living (actions.c:37)
==5742==    by 0x100002BC9: philo_thread (main.c:31)
==5742==  Address 0x100414138 is in the Data segment of /usr/lib/system/libsystem_c.dylib
==5742== 
==5742== ----------------------------------------------------------------
==5742== 
==5742== Possible data race during read of size 8 at 0x100414130 by thread #5
==5742== Locks held: none
==5742==    at 0x10062A894: _pthread_mutex_firstfit_lock_slow (in /usr/lib/system/libsystem_pthread.dylib)
==5742==    by 0x1003C1A69: flockfile (in /usr/lib/system/libsystem_c.dylib)
==5742==    by 0x1003CA297: vfprintf_l (in /usr/lib/system/libsystem_c.dylib)
==5742==    by 0x1003C841D: printf (in /usr/lib/system/libsystem_c.dylib)
==5742==    by 0x100003594: print_action (actions.c:24)
==5742==    by 0x10000362C: living (actions.c:37)
==5742==    by 0x100002BC9: philo_thread (main.c:31)
==5742==    by 0x10062F108: _pthread_start (in /usr/lib/system/libsystem_pthread.dylib)
==5742==    by 0x10062AB8A: thread_start (in /usr/lib/system/libsystem_pthread.dylib)
==5742== 
==5742== This conflicts with a previous write of size 8 by thread #2
==5742== Locks held: none
==5742==    at 0x10062A7C2: _pthread_mutex_check_init_slow (in /usr/lib/system/libsystem_pthread.dylib)
==5742==    by 0x10062A658: _pthread_mutex_lock_init_slow (in /usr/lib/system/libsystem_pthread.dylib)
==5742==    by 0x1003C1A69: flockfile (in /usr/lib/system/libsystem_c.dylib)
==5742==    by 0x1003CA297: vfprintf_l (in /usr/lib/system/libsystem_c.dylib)
==5742==    by 0x1003C841D: printf (in /usr/lib/system/libsystem_c.dylib)
==5742==    by 0x100003594: print_action (actions.c:24)
==5742==    by 0x10000362C: living (actions.c:37)
==5742==    by 0x100002BC9: philo_thread (main.c:31)
==5742==  Address 0x100414130 is in the Data segment of /usr/lib/system/libsystem_c.dylib
==5742== 
==5742== ----------------------------------------------------------------
==5742== 
==5742== Possible data race during write of size 8 at 0x100414130 by thread #5
==5742== Locks held: none
==5742==    at 0x10062A915: _pthread_mutex_firstfit_lock_slow (in /usr/lib/system/libsystem_pthread.dylib)
==5742==    by 0x1003C1A69: flockfile (in /usr/lib/system/libsystem_c.dylib)
==5742==    by 0x1003CA297: vfprintf_l (in /usr/lib/system/libsystem_c.dylib)
==5742==    by 0x1003C841D: printf (in /usr/lib/system/libsystem_c.dylib)
==5742==    by 0x100003594: print_action (actions.c:24)
==5742==    by 0x10000362C: living (actions.c:37)
==5742==    by 0x100002BC9: philo_thread (main.c:31)
==5742==    by 0x10062F108: _pthread_start (in /usr/lib/system/libsystem_pthread.dylib)
==5742==    by 0x10062AB8A: thread_start (in /usr/lib/system/libsystem_pthread.dylib)
==5742== 
==5742== This conflicts with a previous write of size 8 by thread #2
==5742== Locks held: none
==5742==    at 0x10062A7C2: _pthread_mutex_check_init_slow (in /usr/lib/system/libsystem_pthread.dylib)
==5742==    by 0x10062A658: _pthread_mutex_lock_init_slow (in /usr/lib/system/libsystem_pthread.dylib)
==5742==    by 0x1003C1A69: flockfile (in /usr/lib/system/libsystem_c.dylib)
==5742==    by 0x1003CA297: vfprintf_l (in /usr/lib/system/libsystem_c.dylib)
==5742==    by 0x1003C841D: printf (in /usr/lib/system/libsystem_c.dylib)
==5742==    by 0x100003594: print_action (actions.c:24)
==5742==    by 0x10000362C: living (actions.c:37)
==5742==    by 0x100002BC9: philo_thread (main.c:31)
==5742==  Address 0x100414130 is in the Data segment of /usr/lib/system/libsystem_c.dylib
==5742== 
==5742== ----------------------------------------------------------------
==5742== 
==5742== Possible data race during write of size 4 at 0x100414124 by thread #5
==5742== Locks held: none
==5742==    at 0x10062A94F: _pthread_mutex_firstfit_lock_slow (in /usr/lib/system/libsystem_pthread.dylib)
==5742==    by 0x1003C1A69: flockfile (in /usr/lib/system/libsystem_c.dylib)
==5742==    by 0x1003CA297: vfprintf_l (in /usr/lib/system/libsystem_c.dylib)
==5742==    by 0x1003C841D: printf (in /usr/lib/system/libsystem_c.dylib)
==5742==    by 0x100003594: print_action (actions.c:24)
==5742==    by 0x10000362C: living (actions.c:37)
==5742==    by 0x100002BC9: philo_thread (main.c:31)
==5742==    by 0x10062F108: _pthread_start (in /usr/lib/system/libsystem_pthread.dylib)
==5742==    by 0x10062AB8A: thread_start (in /usr/lib/system/libsystem_pthread.dylib)
==5742== 
==5742== This conflicts with a previous write of size 4 by thread #2
==5742== Locks held: none
==5742==    at 0x10062A6E2: _pthread_mutex_check_init_slow (in /usr/lib/system/libsystem_pthread.dylib)
==5742==    by 0x10062A658: _pthread_mutex_lock_init_slow (in /usr/lib/system/libsystem_pthread.dylib)
==5742==    by 0x1003C1A69: flockfile (in /usr/lib/system/libsystem_c.dylib)
==5742==    by 0x1003CA297: vfprintf_l (in /usr/lib/system/libsystem_c.dylib)
==5742==    by 0x1003C841D: printf (in /usr/lib/system/libsystem_c.dylib)
==5742==    by 0x100003594: print_action (actions.c:24)
==5742==    by 0x10000362C: living (actions.c:37)
==5742==    by 0x100002BC9: philo_thread (main.c:31)
==5742==  Address 0x100414124 is in the Data segment of /usr/lib/system/libsystem_c.dylib
==5742== 
==5742== ----------------------------------------------------------------
==5742== 
==5742== Possible data race during read of size 2 at 0x100414378 by thread #5
==5742== Locks held: none
==5742==    at 0x1003F1C47: __xvprintf (in /usr/lib/system/libsystem_c.dylib)
==5742==    by 0x1003CA2B1: vfprintf_l (in /usr/lib/system/libsystem_c.dylib)
==5742==    by 0x1003C841D: printf (in /usr/lib/system/libsystem_c.dylib)
==5742==    by 0x100003594: print_action (actions.c:24)
==5742==    by 0x10000362C: living (actions.c:37)
==5742==    by 0x100002BC9: philo_thread (main.c:31)
==5742==    by 0x10062F108: _pthread_start (in /usr/lib/system/libsystem_pthread.dylib)
==5742==    by 0x10062AB8A: thread_start (in /usr/lib/system/libsystem_pthread.dylib)
==5742== 
==5742== This conflicts with a previous write of size 2 by thread #2
==5742== Locks held: none
==5742==    at 0x1003C5395: __smakebuf (in /usr/lib/system/libsystem_c.dylib)
==5742==    by 0x1003D8C4D: __swsetup (in /usr/lib/system/libsystem_c.dylib)
==5742==    by 0x1003F194E: __v2printf (in /usr/lib/system/libsystem_c.dylib)
==5742==    by 0x1003CA2B1: vfprintf_l (in /usr/lib/system/libsystem_c.dylib)
==5742==    by 0x1003C841D: printf (in /usr/lib/system/libsystem_c.dylib)
==5742==    by 0x100003594: print_action (actions.c:24)
==5742==    by 0x10000362C: living (actions.c:37)
==5742==    by 0x100002BC9: philo_thread (main.c:31)
==5742==  Address 0x100414378 is in the Data segment of /usr/lib/system/libsystem_c.dylib
==5742== 
==5742== ----------------------------------------------------------------
==5742== 
==5742== Possible data race during read of size 8 at 0x100414380 by thread #5
==5742== Locks held: none
==5742==    at 0x1003F193E: __v2printf (in /usr/lib/system/libsystem_c.dylib)
==5742==    by 0x1003CA2B1: vfprintf_l (in /usr/lib/system/libsystem_c.dylib)
==5742==    by 0x1003C841D: printf (in /usr/lib/system/libsystem_c.dylib)
==5742==    by 0x100003594: print_action (actions.c:24)
==5742==    by 0x10000362C: living (actions.c:37)
==5742==    by 0x100002BC9: philo_thread (main.c:31)
==5742==    by 0x10062F108: _pthread_start (in /usr/lib/system/libsystem_pthread.dylib)
==5742==    by 0x10062AB8A: thread_start (in /usr/lib/system/libsystem_pthread.dylib)
==5742== 
==5742== This conflicts with a previous write of size 8 by thread #2
==5742== Locks held: none
==5742==    at 0x1003C5381: __smakebuf (in /usr/lib/system/libsystem_c.dylib)
==5742==    by 0x1003D8C4D: __swsetup (in /usr/lib/system/libsystem_c.dylib)
==5742==    by 0x1003F194E: __v2printf (in /usr/lib/system/libsystem_c.dylib)
==5742==    by 0x1003CA2B1: vfprintf_l (in /usr/lib/system/libsystem_c.dylib)
==5742==    by 0x1003C841D: printf (in /usr/lib/system/libsystem_c.dylib)
==5742==    by 0x100003594: print_action (actions.c:24)
==5742==    by 0x10000362C: living (actions.c:37)
==5742==    by 0x100002BC9: philo_thread (main.c:31)
==5742==  Address 0x100414380 is in the Data segment of /usr/lib/system/libsystem_c.dylib
==5742== 
==5742== ----------------------------------------------------------------
==5742== 
==5742== Possible data race during read of size 1 at 0x100414158 by thread #5
==5742== Locks held: none
==5742==    at 0x1003F196C: __v2printf (in /usr/lib/system/libsystem_c.dylib)
==5742==    by 0x1003CA2B1: vfprintf_l (in /usr/lib/system/libsystem_c.dylib)
==5742==    by 0x1003C841D: printf (in /usr/lib/system/libsystem_c.dylib)
==5742==    by 0x100003594: print_action (actions.c:24)
==5742==    by 0x10000362C: living (actions.c:37)
==5742==    by 0x100002BC9: philo_thread (main.c:31)
==5742==    by 0x10062F108: _pthread_start (in /usr/lib/system/libsystem_pthread.dylib)
==5742==    by 0x10062AB8A: thread_start (in /usr/lib/system/libsystem_pthread.dylib)
==5742== 
==5742== This conflicts with a previous write of size 1 by thread #2
==5742== Locks held: none
==5742==    at 0x1003F1977: __v2printf (in /usr/lib/system/libsystem_c.dylib)
==5742==    by 0x1003CA2B1: vfprintf_l (in /usr/lib/system/libsystem_c.dylib)
==5742==    by 0x1003C841D: printf (in /usr/lib/system/libsystem_c.dylib)
==5742==    by 0x100003594: print_action (actions.c:24)
==5742==    by 0x10000362C: living (actions.c:37)
==5742==    by 0x100002BC9: philo_thread (main.c:31)
==5742==    by 0x10062F108: _pthread_start (in /usr/lib/system/libsystem_pthread.dylib)
==5742==    by 0x10062AB8A: thread_start (in /usr/lib/system/libsystem_pthread.dylib)
==5742==  Address 0x100414158 is in the Data segment of /usr/lib/system/libsystem_c.dylib
==5742== 
==5742== ----------------------------------------------------------------
==5742== 
==5742== Possible data race during read of size 4 at 0x100414388 by thread #5
==5742== Locks held: none
==5742==    at 0x1003C47E0: __sfvwrite (in /usr/lib/system/libsystem_c.dylib)
==5742==    by 0x1003CCCCB: __vfprintf (in /usr/lib/system/libsystem_c.dylib)
==5742==    by 0x1003F1AD2: __v2printf (in /usr/lib/system/libsystem_c.dylib)
==5742==    by 0x1003CA2B1: vfprintf_l (in /usr/lib/system/libsystem_c.dylib)
==5742==    by 0x1003C841D: printf (in /usr/lib/system/libsystem_c.dylib)
==5742==    by 0x100003594: print_action (actions.c:24)
==5742==    by 0x10000362C: living (actions.c:37)
==5742==    by 0x100002BC9: philo_thread (main.c:31)
==5742==    by 0x10062F108: _pthread_start (in /usr/lib/system/libsystem_pthread.dylib)
==5742==    by 0x10062AB8A: thread_start (in /usr/lib/system/libsystem_pthread.dylib)
==5742== 
==5742== This conflicts with a previous write of size 4 by thread #2
==5742== Locks held: none
==5742==    at 0x1003C5385: __smakebuf (in /usr/lib/system/libsystem_c.dylib)
==5742==    by 0x1003D8C4D: __swsetup (in /usr/lib/system/libsystem_c.dylib)
==5742==    by 0x1003F194E: __v2printf (in /usr/lib/system/libsystem_c.dylib)
==5742==    by 0x1003CA2B1: vfprintf_l (in /usr/lib/system/libsystem_c.dylib)
==5742==    by 0x1003C841D: printf (in /usr/lib/system/libsystem_c.dylib)
==5742==    by 0x100003594: print_action (actions.c:24)
==5742==    by 0x10000362C: living (actions.c:37)
==5742==    by 0x100002BC9: philo_thread (main.c:31)
==5742==  Address 0x100414388 is in the Data segment of /usr/lib/system/libsystem_c.dylib
==5742== 
==5742== ----------------------------------------------------------------
==5742== 
==5742== Possible data race during read of size 8 at 0x100414368 by thread #5
==5742== Locks held: none
==5742==    at 0x1003C47E4: __sfvwrite (in /usr/lib/system/libsystem_c.dylib)
==5742==    by 0x1003CCCCB: __vfprintf (in /usr/lib/system/libsystem_c.dylib)
==5742==    by 0x1003F1AD2: __v2printf (in /usr/lib/system/libsystem_c.dylib)
==5742==    by 0x1003CA2B1: vfprintf_l (in /usr/lib/system/libsystem_c.dylib)
==5742==    by 0x1003C841D: printf (in /usr/lib/system/libsystem_c.dylib)
==5742==    by 0x100003594: print_action (actions.c:24)
==5742==    by 0x10000362C: living (actions.c:37)
==5742==    by 0x100002BC9: philo_thread (main.c:31)
==5742==    by 0x10062F108: _pthread_start (in /usr/lib/system/libsystem_pthread.dylib)
==5742==    by 0x10062AB8A: thread_start (in /usr/lib/system/libsystem_pthread.dylib)
==5742== 
==5742== This conflicts with a previous write of size 8 by thread #2
==5742== Locks held: none
==5742==    at 0x1003C537E: __smakebuf (in /usr/lib/system/libsystem_c.dylib)
==5742==    by 0x1003D8C4D: __swsetup (in /usr/lib/system/libsystem_c.dylib)
==5742==    by 0x1003F194E: __v2printf (in /usr/lib/system/libsystem_c.dylib)
==5742==    by 0x1003CA2B1: vfprintf_l (in /usr/lib/system/libsystem_c.dylib)
==5742==    by 0x1003C841D: printf (in /usr/lib/system/libsystem_c.dylib)
==5742==    by 0x100003594: print_action (actions.c:24)
==5742==    by 0x10000362C: living (actions.c:37)
==5742==    by 0x100002BC9: philo_thread (main.c:31)
==5742==  Address 0x100414368 is in the Data segment of /usr/lib/system/libsystem_c.dylib
==5742== 
==5742== ----------------------------------------------------------------
==5742== 
==5742== Possible data race during write of size 1 at 0x10082B3B0 by thread #5
==5742== Locks held: none
==5742==    at 0x1006169C6: _platform_memmove$VARIANT$Haswell (in /usr/lib/system/libsystem_platform.dylib)
==5742==    by 0x1003C4834: __sfvwrite (in /usr/lib/system/libsystem_c.dylib)
==5742==    by 0x1003CCCCB: __vfprintf (in /usr/lib/system/libsystem_c.dylib)
==5742==    by 0x1003F1AD2: __v2printf (in /usr/lib/system/libsystem_c.dylib)
==5742==    by 0x1003CA2B1: vfprintf_l (in /usr/lib/system/libsystem_c.dylib)
==5742==    by 0x1003C841D: printf (in /usr/lib/system/libsystem_c.dylib)
==5742==    by 0x100003594: print_action (actions.c:24)
==5742==    by 0x10000362C: living (actions.c:37)
==5742==    by 0x100002BC9: philo_thread (main.c:31)
==5742==    by 0x10062F108: _pthread_start (in /usr/lib/system/libsystem_pthread.dylib)
==5742==    by 0x10062AB8A: thread_start (in /usr/lib/system/libsystem_pthread.dylib)
==5742==  Address 0x10082b3b0 is 0 bytes inside a block of size 4,096 alloc'd
==5742==    at 0x100123FA5: malloc (in /usr/local/Cellar/valgrind/HEAD-6ff08b6/libexec/valgrind/vgpreload_helgrind-amd64-darwin.so)
==5742==    by 0x1003C5367: __smakebuf (in /usr/lib/system/libsystem_c.dylib)
==5742==    by 0x1003D8C4D: __swsetup (in /usr/lib/system/libsystem_c.dylib)
==5742==    by 0x1003F194E: __v2printf (in /usr/lib/system/libsystem_c.dylib)
==5742==    by 0x1003CA2B1: vfprintf_l (in /usr/lib/system/libsystem_c.dylib)
==5742==    by 0x1003C841D: printf (in /usr/lib/system/libsystem_c.dylib)
==5742==    by 0x100003594: print_action (actions.c:24)
==5742==    by 0x10000362C: living (actions.c:37)
==5742==    by 0x100002BC9: philo_thread (main.c:31)
==5742==    by 0x10062F108: _pthread_start (in /usr/lib/system/libsystem_pthread.dylib)
==5742==    by 0x10062AB8A: thread_start (in /usr/lib/system/libsystem_pthread.dylib)
==5742==  Block was alloc'd by thread #2
==5742== 
==5742== ----------------------------------------------------------------
==5742== 
==5742== Possible data race during write of size 1 at 0x10082B3B1 by thread #5
==5742== Locks held: none
==5742==    at 0x1006169D5: _platform_memmove$VARIANT$Haswell (in /usr/lib/system/libsystem_platform.dylib)
==5742==    by 0x1003C4834: __sfvwrite (in /usr/lib/system/libsystem_c.dylib)
==5742==    by 0x1003CCCCB: __vfprintf (in /usr/lib/system/libsystem_c.dylib)
==5742==    by 0x1003F1AD2: __v2printf (in /usr/lib/system/libsystem_c.dylib)
==5742==    by 0x1003CA2B1: vfprintf_l (in /usr/lib/system/libsystem_c.dylib)
==5742==    by 0x1003C841D: printf (in /usr/lib/system/libsystem_c.dylib)
==5742==    by 0x100003594: print_action (actions.c:24)
==5742==    by 0x10000362C: living (actions.c:37)
==5742==    by 0x100002BC9: philo_thread (main.c:31)
==5742==    by 0x10062F108: _pthread_start (in /usr/lib/system/libsystem_pthread.dylib)
==5742==    by 0x10062AB8A: thread_start (in /usr/lib/system/libsystem_pthread.dylib)
==5742==  Address 0x10082b3b1 is 1 bytes inside a block of size 4,096 alloc'd
==5742==    at 0x100123FA5: malloc (in /usr/local/Cellar/valgrind/HEAD-6ff08b6/libexec/valgrind/vgpreload_helgrind-amd64-darwin.so)
==5742==    by 0x1003C5367: __smakebuf (in /usr/lib/system/libsystem_c.dylib)
==5742==    by 0x1003D8C4D: __swsetup (in /usr/lib/system/libsystem_c.dylib)
==5742==    by 0x1003F194E: __v2printf (in /usr/lib/system/libsystem_c.dylib)
==5742==    by 0x1003CA2B1: vfprintf_l (in /usr/lib/system/libsystem_c.dylib)
==5742==    by 0x1003C841D: printf (in /usr/lib/system/libsystem_c.dylib)
==5742==    by 0x100003594: print_action (actions.c:24)
==5742==    by 0x10000362C: living (actions.c:37)
==5742==    by 0x100002BC9: philo_thread (main.c:31)
==5742==    by 0x10062F108: _pthread_start (in /usr/lib/system/libsystem_pthread.dylib)
==5742==    by 0x10062AB8A: thread_start (in /usr/lib/system/libsystem_pthread.dylib)
==5742==  Block was alloc'd by thread #2
==5742== 
==5742== ----------------------------------------------------------------
==5742== 
==5742== Possible data race during read of size 4 at 0x100414374 by thread #5
==5742== Locks held: none
==5742==    at 0x1003C4839: __sfvwrite (in /usr/lib/system/libsystem_c.dylib)
==5742==    by 0x1003CCCCB: __vfprintf (in /usr/lib/system/libsystem_c.dylib)
==5742==    by 0x1003F1AD2: __v2printf (in /usr/lib/system/libsystem_c.dylib)
==5742==    by 0x1003CA2B1: vfprintf_l (in /usr/lib/system/libsystem_c.dylib)
==5742==    by 0x1003C841D: printf (in /usr/lib/system/libsystem_c.dylib)
==5742==    by 0x100003594: print_action (actions.c:24)
==5742==    by 0x10000362C: living (actions.c:37)
==5742==    by 0x100002BC9: philo_thread (main.c:31)
==5742==    by 0x10062F108: _pthread_start (in /usr/lib/system/libsystem_pthread.dylib)
==5742==    by 0x10062AB8A: thread_start (in /usr/lib/system/libsystem_pthread.dylib)
==5742== 
==5742== This conflicts with a previous write of size 4 by thread #2
==5742== Locks held: none
==5742==    at 0x1003D8C6E: __swsetup (in /usr/lib/system/libsystem_c.dylib)
==5742==    by 0x1003F194E: __v2printf (in /usr/lib/system/libsystem_c.dylib)
==5742==    by 0x1003CA2B1: vfprintf_l (in /usr/lib/system/libsystem_c.dylib)
==5742==    by 0x1003C841D: printf (in /usr/lib/system/libsystem_c.dylib)
==5742==    by 0x100003594: print_action (actions.c:24)
==5742==    by 0x10000362C: living (actions.c:37)
==5742==    by 0x100002BC9: philo_thread (main.c:31)
==5742==    by 0x10062F108: _pthread_start (in /usr/lib/system/libsystem_pthread.dylib)
==5742==  Address 0x100414374 is in the Data segment of /usr/lib/system/libsystem_c.dylib
==5742== 
==5742== ----------------------------------------------------------------
==5742== 
==5742== Possible data race during write of size 4 at 0x100414374 by thread #5
==5742== Locks held: none
==5742==    at 0x1003C4839: __sfvwrite (in /usr/lib/system/libsystem_c.dylib)
==5742==    by 0x1003CCCCB: __vfprintf (in /usr/lib/system/libsystem_c.dylib)
==5742==    by 0x1003F1AD2: __v2printf (in /usr/lib/system/libsystem_c.dylib)
==5742==    by 0x1003CA2B1: vfprintf_l (in /usr/lib/system/libsystem_c.dylib)
==5742==    by 0x1003C841D: printf (in /usr/lib/system/libsystem_c.dylib)
==5742==    by 0x100003594: print_action (actions.c:24)
==5742==    by 0x10000362C: living (actions.c:37)
==5742==    by 0x100002BC9: philo_thread (main.c:31)
==5742==    by 0x10062F108: _pthread_start (in /usr/lib/system/libsystem_pthread.dylib)
==5742==    by 0x10062AB8A: thread_start (in /usr/lib/system/libsystem_pthread.dylib)
==5742== 
==5742== This conflicts with a previous write of size 4 by thread #2
==5742== Locks held: none
==5742==    at 0x1003D8C6E: __swsetup (in /usr/lib/system/libsystem_c.dylib)
==5742==    by 0x1003F194E: __v2printf (in /usr/lib/system/libsystem_c.dylib)
==5742==    by 0x1003CA2B1: vfprintf_l (in /usr/lib/system/libsystem_c.dylib)
==5742==    by 0x1003C841D: printf (in /usr/lib/system/libsystem_c.dylib)
==5742==    by 0x100003594: print_action (actions.c:24)
==5742==    by 0x10000362C: living (actions.c:37)
==5742==    by 0x100002BC9: philo_thread (main.c:31)
==5742==    by 0x10062F108: _pthread_start (in /usr/lib/system/libsystem_pthread.dylib)
==5742==  Address 0x100414374 is in the Data segment of /usr/lib/system/libsystem_c.dylib
==5742== 
==5742== ----------------------------------------------------------------
==5742== 
==5742== Possible data race during write of size 8 at 0x100414368 by thread #5
==5742== Locks held: none
==5742==    at 0x1003C483D: __sfvwrite (in /usr/lib/system/libsystem_c.dylib)
==5742==    by 0x1003CCCCB: __vfprintf (in /usr/lib/system/libsystem_c.dylib)
==5742==    by 0x1003F1AD2: __v2printf (in /usr/lib/system/libsystem_c.dylib)
==5742==    by 0x1003CA2B1: vfprintf_l (in /usr/lib/system/libsystem_c.dylib)
==5742==    by 0x1003C841D: printf (in /usr/lib/system/libsystem_c.dylib)
==5742==    by 0x100003594: print_action (actions.c:24)
==5742==    by 0x10000362C: living (actions.c:37)
==5742==    by 0x100002BC9: philo_thread (main.c:31)
==5742==    by 0x10062F108: _pthread_start (in /usr/lib/system/libsystem_pthread.dylib)
==5742==    by 0x10062AB8A: thread_start (in /usr/lib/system/libsystem_pthread.dylib)
==5742== 
==5742== This conflicts with a previous write of size 8 by thread #2
==5742== Locks held: none
==5742==    at 0x1003C537E: __smakebuf (in /usr/lib/system/libsystem_c.dylib)
==5742==    by 0x1003D8C4D: __swsetup (in /usr/lib/system/libsystem_c.dylib)
==5742==    by 0x1003F194E: __v2printf (in /usr/lib/system/libsystem_c.dylib)
==5742==    by 0x1003CA2B1: vfprintf_l (in /usr/lib/system/libsystem_c.dylib)
==5742==    by 0x1003C841D: printf (in /usr/lib/system/libsystem_c.dylib)
==5742==    by 0x100003594: print_action (actions.c:24)
==5742==    by 0x10000362C: living (actions.c:37)
==5742==    by 0x100002BC9: philo_thread (main.c:31)
==5742==  Address 0x100414368 is in the Data segment of /usr/lib/system/libsystem_c.dylib
==5742== 
==5742== ----------------------------------------------------------------
==5742== 
==5742== Possible data race during write of size 1 at 0x10082B3B6 by thread #5
==5742== Locks held: none
==5742==    at 0x1006169B0: _platform_memmove$VARIANT$Haswell (in /usr/lib/system/libsystem_platform.dylib)
==5742==    by 0x1003C4834: __sfvwrite (in /usr/lib/system/libsystem_c.dylib)
==5742==    by 0x1003CCCCB: __vfprintf (in /usr/lib/system/libsystem_c.dylib)
==5742==    by 0x1003F1AD2: __v2printf (in /usr/lib/system/libsystem_c.dylib)
==5742==    by 0x1003CA2B1: vfprintf_l (in /usr/lib/system/libsystem_c.dylib)
==5742==    by 0x1003C841D: printf (in /usr/lib/system/libsystem_c.dylib)
==5742==    by 0x100003594: print_action (actions.c:24)
==5742==    by 0x10000362C: living (actions.c:37)
==5742==    by 0x100002BC9: philo_thread (main.c:31)
==5742==    by 0x10062F108: _pthread_start (in /usr/lib/system/libsystem_pthread.dylib)
==5742==    by 0x10062AB8A: thread_start (in /usr/lib/system/libsystem_pthread.dylib)
==5742==  Address 0x10082b3b6 is 6 bytes inside a block of size 4,096 alloc'd
==5742==    at 0x100123FA5: malloc (in /usr/local/Cellar/valgrind/HEAD-6ff08b6/libexec/valgrind/vgpreload_helgrind-amd64-darwin.so)
==5742==    by 0x1003C5367: __smakebuf (in /usr/lib/system/libsystem_c.dylib)
==5742==    by 0x1003D8C4D: __swsetup (in /usr/lib/system/libsystem_c.dylib)
==5742==    by 0x1003F194E: __v2printf (in /usr/lib/system/libsystem_c.dylib)
==5742==    by 0x1003CA2B1: vfprintf_l (in /usr/lib/system/libsystem_c.dylib)
==5742==    by 0x1003C841D: printf (in /usr/lib/system/libsystem_c.dylib)
==5742==    by 0x100003594: print_action (actions.c:24)
==5742==    by 0x10000362C: living (actions.c:37)
==5742==    by 0x100002BC9: philo_thread (main.c:31)
==5742==    by 0x10062F108: _pthread_start (in /usr/lib/system/libsystem_pthread.dylib)
==5742==    by 0x10062AB8A: thread_start (in /usr/lib/system/libsystem_pthread.dylib)
==5742==  Block was alloc'd by thread #2
==5742== 
==5742== ----------------------------------------------------------------
==5742== 
==5742== Possible data race during write of size 1 at 0x10082B3BE by thread #5
==5742== Locks held: none
==5742==    at 0x1006169B3: _platform_memmove$VARIANT$Haswell (in /usr/lib/system/libsystem_platform.dylib)
==5742==    by 0x1003C4834: __sfvwrite (in /usr/lib/system/libsystem_c.dylib)
==5742==    by 0x1003CCCCB: __vfprintf (in /usr/lib/system/libsystem_c.dylib)
==5742==    by 0x1003F1AD2: __v2printf (in /usr/lib/system/libsystem_c.dylib)
==5742==    by 0x1003CA2B1: vfprintf_l (in /usr/lib/system/libsystem_c.dylib)
==5742==    by 0x1003C841D: printf (in /usr/lib/system/libsystem_c.dylib)
==5742==    by 0x100003594: print_action (actions.c:24)
==5742==    by 0x10000362C: living (actions.c:37)
==5742==    by 0x100002BC9: philo_thread (main.c:31)
==5742==    by 0x10062F108: _pthread_start (in /usr/lib/system/libsystem_pthread.dylib)
==5742==    by 0x10062AB8A: thread_start (in /usr/lib/system/libsystem_pthread.dylib)
==5742==  Address 0x10082b3be is 14 bytes inside a block of size 4,096 alloc'd
==5742==    at 0x100123FA5: malloc (in /usr/local/Cellar/valgrind/HEAD-6ff08b6/libexec/valgrind/vgpreload_helgrind-amd64-darwin.so)
==5742==    by 0x1003C5367: __smakebuf (in /usr/lib/system/libsystem_c.dylib)
==5742==    by 0x1003D8C4D: __swsetup (in /usr/lib/system/libsystem_c.dylib)
==5742==    by 0x1003F194E: __v2printf (in /usr/lib/system/libsystem_c.dylib)
==5742==    by 0x1003CA2B1: vfprintf_l (in /usr/lib/system/libsystem_c.dylib)
==5742==    by 0x1003C841D: printf (in /usr/lib/system/libsystem_c.dylib)
==5742==    by 0x100003594: print_action (actions.c:24)
==5742==    by 0x10000362C: living (actions.c:37)
==5742==    by 0x100002BC9: philo_thread (main.c:31)
==5742==    by 0x10062F108: _pthread_start (in /usr/lib/system/libsystem_pthread.dylib)
==5742==    by 0x10062AB8A: thread_start (in /usr/lib/system/libsystem_pthread.dylib)
==5742==  Block was alloc'd by thread #2
==5742== 
==5742== ----------------------------------------------------------------
==5742== 
==5742== Possible data race during write of size 1 at 0x10082B3C6 by thread #5
==5742== Locks held: none
==5742==    at 0x1006169C6: _platform_memmove$VARIANT$Haswell (in /usr/lib/system/libsystem_platform.dylib)
==5742==    by 0x1003C4834: __sfvwrite (in /usr/lib/system/libsystem_c.dylib)
==5742==    by 0x1003CE4FF: __vfprintf (in /usr/lib/system/libsystem_c.dylib)
==5742==    by 0x1003F1AD2: __v2printf (in /usr/lib/system/libsystem_c.dylib)
==5742==    by 0x1003CA2B1: vfprintf_l (in /usr/lib/system/libsystem_c.dylib)
==5742==    by 0x1003C841D: printf (in /usr/lib/system/libsystem_c.dylib)
==5742==    by 0x100003594: print_action (actions.c:24)
==5742==    by 0x10000362C: living (actions.c:37)
==5742==    by 0x100002BC9: philo_thread (main.c:31)
==5742==    by 0x10062F108: _pthread_start (in /usr/lib/system/libsystem_pthread.dylib)
==5742==    by 0x10062AB8A: thread_start (in /usr/lib/system/libsystem_pthread.dylib)
==5742==  Address 0x10082b3c6 is 22 bytes inside a block of size 4,096 alloc'd
==5742==    at 0x100123FA5: malloc (in /usr/local/Cellar/valgrind/HEAD-6ff08b6/libexec/valgrind/vgpreload_helgrind-amd64-darwin.so)
==5742==    by 0x1003C5367: __smakebuf (in /usr/lib/system/libsystem_c.dylib)
==5742==    by 0x1003D8C4D: __swsetup (in /usr/lib/system/libsystem_c.dylib)
==5742==    by 0x1003F194E: __v2printf (in /usr/lib/system/libsystem_c.dylib)
==5742==    by 0x1003CA2B1: vfprintf_l (in /usr/lib/system/libsystem_c.dylib)
==5742==    by 0x1003C841D: printf (in /usr/lib/system/libsystem_c.dylib)
==5742==    by 0x100003594: print_action (actions.c:24)
==5742==    by 0x10000362C: living (actions.c:37)
==5742==    by 0x100002BC9: philo_thread (main.c:31)
==5742==    by 0x10062F108: _pthread_start (in /usr/lib/system/libsystem_pthread.dylib)
==5742==    by 0x10062AB8A: thread_start (in /usr/lib/system/libsystem_pthread.dylib)
==5742==  Block was alloc'd by thread #2
==5742== 
==5742== ----------------------------------------------------------------
==5742== 
==5742== Possible data race during read of size 1 at 0x10082B3B0 by thread #5
==5742== Locks held: none
==5742==    at 0x1005CDE66: write$NOCANCEL (in /usr/lib/system/libsystem_kernel.dylib)
==5742==    by 0x1003C936F: _swrite (in /usr/lib/system/libsystem_c.dylib)
==5742==    by 0x1003C20C6: __sflush (in /usr/lib/system/libsystem_c.dylib)
==5742==    by 0x1003C486F: __sfvwrite (in /usr/lib/system/libsystem_c.dylib)
==5742==    by 0x1003CE4FF: __vfprintf (in /usr/lib/system/libsystem_c.dylib)
==5742==    by 0x1003F1AD2: __v2printf (in /usr/lib/system/libsystem_c.dylib)
==5742==    by 0x1003CA2B1: vfprintf_l (in /usr/lib/system/libsystem_c.dylib)
==5742==    by 0x1003C841D: printf (in /usr/lib/system/libsystem_c.dylib)
==5742==    by 0x100003594: print_action (actions.c:24)
==5742==    by 0x10000362C: living (actions.c:37)
==5742==    by 0x100002BC9: philo_thread (main.c:31)
==5742==    by 0x10062F108: _pthread_start (in /usr/lib/system/libsystem_pthread.dylib)
==5742==  Address 0x10082b3b0 is 0 bytes inside a block of size 4,096 alloc'd
==5742==    at 0x100123FA5: malloc (in /usr/local/Cellar/valgrind/HEAD-6ff08b6/libexec/valgrind/vgpreload_helgrind-amd64-darwin.so)
==5742==    by 0x1003C5367: __smakebuf (in /usr/lib/system/libsystem_c.dylib)
==5742==    by 0x1003D8C4D: __swsetup (in /usr/lib/system/libsystem_c.dylib)
==5742==    by 0x1003F194E: __v2printf (in /usr/lib/system/libsystem_c.dylib)
==5742==    by 0x1003CA2B1: vfprintf_l (in /usr/lib/system/libsystem_c.dylib)
==5742==    by 0x1003C841D: printf (in /usr/lib/system/libsystem_c.dylib)
==5742==    by 0x100003594: print_action (actions.c:24)
==5742==    by 0x10000362C: living (actions.c:37)
==5742==    by 0x100002BC9: philo_thread (main.c:31)
==5742==    by 0x10062F108: _pthread_start (in /usr/lib/system/libsystem_pthread.dylib)
==5742==    by 0x10062AB8A: thread_start (in /usr/lib/system/libsystem_pthread.dylib)
==5742==  Block was alloc'd by thread #2
==5742== 
==5742== ----------------------------------------------------------------
==5742== 
==5742== Possible data race during write of size 2 at 0x100414378 by thread #5
==5742== Locks held: none
==5742==    at 0x1003C93AB: _swrite (in /usr/lib/system/libsystem_c.dylib)
==5742==    by 0x1003C20C6: __sflush (in /usr/lib/system/libsystem_c.dylib)
==5742==    by 0x1003C486F: __sfvwrite (in /usr/lib/system/libsystem_c.dylib)
==5742==    by 0x1003CE4FF: __vfprintf (in /usr/lib/system/libsystem_c.dylib)
==5742==    by 0x1003F1AD2: __v2printf (in /usr/lib/system/libsystem_c.dylib)
==5742==    by 0x1003CA2B1: vfprintf_l (in /usr/lib/system/libsystem_c.dylib)
==5742==    by 0x1003C841D: printf (in /usr/lib/system/libsystem_c.dylib)
==5742==    by 0x100003594: print_action (actions.c:24)
==5742==    by 0x10000362C: living (actions.c:37)
==5742==    by 0x100002BC9: philo_thread (main.c:31)
==5742==    by 0x10062F108: _pthread_start (in /usr/lib/system/libsystem_pthread.dylib)
==5742==    by 0x10062AB8A: thread_start (in /usr/lib/system/libsystem_pthread.dylib)
==5742== 
==5742== This conflicts with a previous write of size 2 by thread #2
==5742== Locks held: none
==5742==    at 0x1003C5395: __smakebuf (in /usr/lib/system/libsystem_c.dylib)
==5742==    by 0x1003D8C4D: __swsetup (in /usr/lib/system/libsystem_c.dylib)
==5742==    by 0x1003F194E: __v2printf (in /usr/lib/system/libsystem_c.dylib)
==5742==    by 0x1003CA2B1: vfprintf_l (in /usr/lib/system/libsystem_c.dylib)
==5742==    by 0x1003C841D: printf (in /usr/lib/system/libsystem_c.dylib)
==5742==    by 0x100003594: print_action (actions.c:24)
==5742==    by 0x10000362C: living (actions.c:37)
==5742==    by 0x100002BC9: philo_thread (main.c:31)
==5742==  Address 0x100414378 is in the Data segment of /usr/lib/system/libsystem_c.dylib
==5742== 
==5742== ---Thread-Announcement------------------------------------------
==5742== 
==5742== Thread #4 was created
==5742==    at 0x1005CDDC6: __bsdthread_create (in /usr/lib/system/libsystem_kernel.dylib)
==5742==    by 0x10062FDF3: _pthread_create (in /usr/lib/system/libsystem_pthread.dylib)
==5742==    by 0x100003ADF: create_thread (philo_threads.c:24)
==5742==    by 0x100002C90: main (main.c:51)
==5742== 
==5742== ----------------------------------------------------------------
==5742== 
==5742== Possible data race during read of size 8 at 0x1049146F8 by thread #3
==5742== Locks held: none
==5742==    at 0x10062C917: _pthread_mutex_firstfit_lock_wait (in /usr/lib/system/libsystem_pthread.dylib)
==5742==    by 0x10062A936: _pthread_mutex_firstfit_lock_slow (in /usr/lib/system/libsystem_pthread.dylib)
==5742==    by 0x100003540: print_action (actions.c:21)
==5742==    by 0x10000362C: living (actions.c:37)
==5742==    by 0x100002BC9: philo_thread (main.c:31)
==5742==    by 0x10062F108: _pthread_start (in /usr/lib/system/libsystem_pthread.dylib)
==5742==    by 0x10062AB8A: thread_start (in /usr/lib/system/libsystem_pthread.dylib)
==5742== 
==5742== This conflicts with a previous write of size 8 by thread #4
==5742== Locks held: none
==5742==    at 0x10062A618: pthread_mutex_lock (in /usr/lib/system/libsystem_pthread.dylib)
==5742==    by 0x10000362C: living (actions.c:37)
==5742==    by 0x100002BC9: philo_thread (main.c:31)
==5742==    by 0x10062F108: _pthread_start (in /usr/lib/system/libsystem_pthread.dylib)
==5742==    by 0x10062AB8A: thread_start (in /usr/lib/system/libsystem_pthread.dylib)
==5742==  Address 0x1049146f8 is on thread #1's stack
==5742==  in frame #3, created by main (main.c:39)
==5742== 
==5742== ----------------------------------------------------------------
==5742== 
==5742== Possible data race during read of size 2 at 0x100414378 by thread #4
==5742== Locks held: none
==5742==    at 0x1003C9370: _swrite (in /usr/lib/system/libsystem_c.dylib)
==5742==    by 0x1003C20C6: __sflush (in /usr/lib/system/libsystem_c.dylib)
==5742==    by 0x1003C486F: __sfvwrite (in /usr/lib/system/libsystem_c.dylib)
==5742==    by 0x1003CE4FF: __vfprintf (in /usr/lib/system/libsystem_c.dylib)
==5742==    by 0x1003F1AD2: __v2printf (in /usr/lib/system/libsystem_c.dylib)
==5742==    by 0x1003CA2B1: vfprintf_l (in /usr/lib/system/libsystem_c.dylib)
==5742==    by 0x1003C841D: printf (in /usr/lib/system/libsystem_c.dylib)
==5742==    by 0x100003594: print_action (actions.c:24)
==5742==    by 0x10000362C: living (actions.c:37)
==5742==    by 0x100002BC9: philo_thread (main.c:31)
==5742==    by 0x10062F108: _pthread_start (in /usr/lib/system/libsystem_pthread.dylib)
==5742==    by 0x10062AB8A: thread_start (in /usr/lib/system/libsystem_pthread.dylib)
==5742== 
==5742== This conflicts with a previous write of size 2 by thread #5
==5742== Locks held: none
==5742==    at 0x1003C93AB: _swrite (in /usr/lib/system/libsystem_c.dylib)
==5742==    by 0x1003C20C6: __sflush (in /usr/lib/system/libsystem_c.dylib)
==5742==    by 0x1003C486F: __sfvwrite (in /usr/lib/system/libsystem_c.dylib)
==5742==    by 0x1003CE4FF: __vfprintf (in /usr/lib/system/libsystem_c.dylib)
==5742==    by 0x1003F1AD2: __v2printf (in /usr/lib/system/libsystem_c.dylib)
==5742==    by 0x1003CA2B1: vfprintf_l (in /usr/lib/system/libsystem_c.dylib)
==5742==    by 0x1003C841D: printf (in /usr/lib/system/libsystem_c.dylib)
==5742==    by 0x100003594: print_action (actions.c:24)
==5742==  Address 0x100414378 is in the Data segment of /usr/lib/system/libsystem_c.dylib
==5742== 
==5742== ----------------------------------------------------------------
==5742== 
==5742== Possible data race during read of size 4 at 0x100414118 by thread #4
==5742== Locks held: none
==5742==    at 0x10062A968: pthread_mutex_unlock (in /usr/lib/system/libsystem_pthread.dylib)
==5742==    by 0x1003CA2BC: vfprintf_l (in /usr/lib/system/libsystem_c.dylib)
==5742==    by 0x1003C841D: printf (in /usr/lib/system/libsystem_c.dylib)
==5742==    by 0x100003594: print_action (actions.c:24)
==5742==    by 0x10000362C: living (actions.c:37)
==5742==    by 0x100002BC9: philo_thread (main.c:31)
==5742==    by 0x10062F108: _pthread_start (in /usr/lib/system/libsystem_pthread.dylib)
==5742==    by 0x10062AB8A: thread_start (in /usr/lib/system/libsystem_pthread.dylib)
==5742== 
==5742== This conflicts with a previous write of size 4 by thread #2
==5742== Locks held: none
==5742==    at 0x10062A813: _pthread_mutex_check_init_slow (in /usr/lib/system/libsystem_pthread.dylib)
==5742==    by 0x10062A658: _pthread_mutex_lock_init_slow (in /usr/lib/system/libsystem_pthread.dylib)
==5742==    by 0x1003C1A69: flockfile (in /usr/lib/system/libsystem_c.dylib)
==5742==    by 0x1003CA297: vfprintf_l (in /usr/lib/system/libsystem_c.dylib)
==5742==    by 0x1003C841D: printf (in /usr/lib/system/libsystem_c.dylib)
==5742==    by 0x100003594: print_action (actions.c:24)
==5742==    by 0x10000362C: living (actions.c:37)
==5742==    by 0x100002BC9: philo_thread (main.c:31)
==5742==  Address 0x100414118 is in the Data segment of /usr/lib/system/libsystem_c.dylib
==5742== 
==5742== ----------------------------------------------------------------
==5742== 
==5742== Possible data race during read of size 4 at 0x100414124 by thread #4
==5742== Locks held: none
==5742==    at 0x10062A9F5: _pthread_mutex_unlock_init_slow (in /usr/lib/system/libsystem_pthread.dylib)
==5742==    by 0x1003C1AD1: funlockfile (in /usr/lib/system/libsystem_c.dylib)
==5742==    by 0x1003CA2BC: vfprintf_l (in /usr/lib/system/libsystem_c.dylib)
==5742==    by 0x1003C841D: printf (in /usr/lib/system/libsystem_c.dylib)
==5742==    by 0x100003594: print_action (actions.c:24)
==5742==    by 0x10000362C: living (actions.c:37)
==5742==    by 0x100002BC9: philo_thread (main.c:31)
==5742==    by 0x10062F108: _pthread_start (in /usr/lib/system/libsystem_pthread.dylib)
==5742==    by 0x10062AB8A: thread_start (in /usr/lib/system/libsystem_pthread.dylib)
==5742== 
==5742== This conflicts with a previous write of size 4 by thread #5
==5742== Locks held: none
==5742==    at 0x10062A94F: _pthread_mutex_firstfit_lock_slow (in /usr/lib/system/libsystem_pthread.dylib)
==5742==    by 0x1003C1A69: flockfile (in /usr/lib/system/libsystem_c.dylib)
==5742==    by 0x1003CA297: vfprintf_l (in /usr/lib/system/libsystem_c.dylib)
==5742==    by 0x1003C841D: printf (in /usr/lib/system/libsystem_c.dylib)
==5742==    by 0x100003594: print_action (actions.c:24)
==5742==    by 0x10000362C: living (actions.c:37)
==5742==    by 0x100002BC9: philo_thread (main.c:31)
==5742==    by 0x10062F108: _pthread_start (in /usr/lib/system/libsystem_pthread.dylib)
==5742==  Address 0x100414124 is in the Data segment of /usr/lib/system/libsystem_c.dylib
==5742== 
==5742== ----------------------------------------------------------------
==5742== 
==5742== Possible data race during read of size 8 at 0x100414138 by thread #4
==5742== Locks held: none
==5742==    at 0x10062AA36: _pthread_mutex_firstfit_unlock_slow (in /usr/lib/system/libsystem_pthread.dylib)
==5742==    by 0x1003C1AD1: funlockfile (in /usr/lib/system/libsystem_c.dylib)
==5742==    by 0x1003CA2BC: vfprintf_l (in /usr/lib/system/libsystem_c.dylib)
==5742==    by 0x1003C841D: printf (in /usr/lib/system/libsystem_c.dylib)
==5742==    by 0x100003594: print_action (actions.c:24)
==5742==    by 0x10000362C: living (actions.c:37)
==5742==    by 0x100002BC9: philo_thread (main.c:31)
==5742==    by 0x10062F108: _pthread_start (in /usr/lib/system/libsystem_pthread.dylib)
==5742==    by 0x10062AB8A: thread_start (in /usr/lib/system/libsystem_pthread.dylib)
==5742== 
==5742== This conflicts with a previous write of size 8 by thread #2
==5742== Locks held: none
==5742==    at 0x10062A7C5: _pthread_mutex_check_init_slow (in /usr/lib/system/libsystem_pthread.dylib)
==5742==    by 0x10062A658: _pthread_mutex_lock_init_slow (in /usr/lib/system/libsystem_pthread.dylib)
==5742==    by 0x1003C1A69: flockfile (in /usr/lib/system/libsystem_c.dylib)
==5742==    by 0x1003CA297: vfprintf_l (in /usr/lib/system/libsystem_c.dylib)
==5742==    by 0x1003C841D: printf (in /usr/lib/system/libsystem_c.dylib)
==5742==    by 0x100003594: print_action (actions.c:24)
==5742==    by 0x10000362C: living (actions.c:37)
==5742==    by 0x100002BC9: philo_thread (main.c:31)
==5742==  Address 0x100414138 is in the Data segment of /usr/lib/system/libsystem_c.dylib
==5742== 
==5742== ----------------------------------------------------------------
==5742== 
==5742== Possible data race during read of size 8 at 0x100414130 by thread #4
==5742== Locks held: none
==5742==    at 0x10062AA52: _pthread_mutex_firstfit_unlock_slow (in /usr/lib/system/libsystem_pthread.dylib)
==5742==    by 0x1003C1AD1: funlockfile (in /usr/lib/system/libsystem_c.dylib)
==5742==    by 0x1003CA2BC: vfprintf_l (in /usr/lib/system/libsystem_c.dylib)
==5742==    by 0x1003C841D: printf (in /usr/lib/system/libsystem_c.dylib)
==5742==    by 0x100003594: print_action (actions.c:24)
==5742==    by 0x10000362C: living (actions.c:37)
==5742==    by 0x100002BC9: philo_thread (main.c:31)
==5742==    by 0x10062F108: _pthread_start (in /usr/lib/system/libsystem_pthread.dylib)
==5742==    by 0x10062AB8A: thread_start (in /usr/lib/system/libsystem_pthread.dylib)
==5742== 
==5742== This conflicts with a previous write of size 8 by thread #5
==5742== Locks held: none
==5742==    at 0x10062A915: _pthread_mutex_firstfit_lock_slow (in /usr/lib/system/libsystem_pthread.dylib)
==5742==    by 0x1003C1A69: flockfile (in /usr/lib/system/libsystem_c.dylib)
==5742==    by 0x1003CA297: vfprintf_l (in /usr/lib/system/libsystem_c.dylib)
==5742==    by 0x1003C841D: printf (in /usr/lib/system/libsystem_c.dylib)
==5742==    by 0x100003594: print_action (actions.c:24)
==5742==    by 0x10000362C: living (actions.c:37)
==5742==    by 0x100002BC9: philo_thread (main.c:31)
==5742==    by 0x10062F108: _pthread_start (in /usr/lib/system/libsystem_pthread.dylib)
==5742==  Address 0x100414130 is in the Data segment of /usr/lib/system/libsystem_c.dylib
==5742== 
==5742== ----------------------------------------------------------------
==5742== 
==5742== Possible data race during write of size 4 at 0x100414124 by thread #4
==5742== Locks held: none
==5742==    at 0x10062AA83: _pthread_mutex_firstfit_unlock_slow (in /usr/lib/system/libsystem_pthread.dylib)
==5742==    by 0x1003C1AD1: funlockfile (in /usr/lib/system/libsystem_c.dylib)
==5742==    by 0x1003CA2BC: vfprintf_l (in /usr/lib/system/libsystem_c.dylib)
==5742==    by 0x1003C841D: printf (in /usr/lib/system/libsystem_c.dylib)
==5742==    by 0x100003594: print_action (actions.c:24)
==5742==    by 0x10000362C: living (actions.c:37)
==5742==    by 0x100002BC9: philo_thread (main.c:31)
==5742==    by 0x10062F108: _pthread_start (in /usr/lib/system/libsystem_pthread.dylib)
==5742==    by 0x10062AB8A: thread_start (in /usr/lib/system/libsystem_pthread.dylib)
==5742== 
==5742== This conflicts with a previous write of size 4 by thread #5
==5742== Locks held: none
==5742==    at 0x10062A94F: _pthread_mutex_firstfit_lock_slow (in /usr/lib/system/libsystem_pthread.dylib)
==5742==    by 0x1003C1A69: flockfile (in /usr/lib/system/libsystem_c.dylib)
==5742==    by 0x1003CA297: vfprintf_l (in /usr/lib/system/libsystem_c.dylib)
==5742==    by 0x1003C841D: printf (in /usr/lib/system/libsystem_c.dylib)
==5742==    by 0x100003594: print_action (actions.c:24)
==5742==    by 0x10000362C: living (actions.c:37)
==5742==    by 0x100002BC9: philo_thread (main.c:31)
==5742==    by 0x10062F108: _pthread_start (in /usr/lib/system/libsystem_pthread.dylib)
==5742==  Address 0x100414124 is in the Data segment of /usr/lib/system/libsystem_c.dylib
==5742== 
==5742== ----------------------------------------------------------------
==5742== 
==5742== Possible data race during write of size 8 at 0x1049146F8 by thread #3
==5742== Locks held: none
==5742==    at 0x10062C971: _pthread_mutex_firstfit_lock_wait (in /usr/lib/system/libsystem_pthread.dylib)
==5742==    by 0x10062A936: _pthread_mutex_firstfit_lock_slow (in /usr/lib/system/libsystem_pthread.dylib)
==5742==    by 0x100003540: print_action (actions.c:21)
==5742==    by 0x10000362C: living (actions.c:37)
==5742==    by 0x100002BC9: philo_thread (main.c:31)
==5742==    by 0x10062F108: _pthread_start (in /usr/lib/system/libsystem_pthread.dylib)
==5742==    by 0x10062AB8A: thread_start (in /usr/lib/system/libsystem_pthread.dylib)
==5742== 
==5742== This conflicts with a previous write of size 8 by thread #4
==5742== Locks held: none
==5742==    at 0x10062A618: pthread_mutex_lock (in /usr/lib/system/libsystem_pthread.dylib)
==5742==    by 0x10000362C: living (actions.c:37)
==5742==    by 0x100002BC9: philo_thread (main.c:31)
==5742==    by 0x10062F108: _pthread_start (in /usr/lib/system/libsystem_pthread.dylib)
==5742==    by 0x10062AB8A: thread_start (in /usr/lib/system/libsystem_pthread.dylib)
==5742==  Address 0x1049146f8 is on thread #1's stack
==5742==  in frame #3, created by main (main.c:39)
==5742== 
